C:\Users\lhc15\OneDrive\Research\1P_Camouflage Octopus\ros2\install\Lib\site-packages\octo_ctrl\camera.py
C:\Users\lhc15\OneDrive\Research\1P_Camouflage Octopus\ros2\install\Lib\site-packages\octo_ctrl\camera_motion_detect.py
C:\Users\lhc15\OneDrive\Research\1P_Camouflage Octopus\ros2\install\Lib\site-packages\octo_ctrl\camera_red_detect.py
C:\Users\lhc15\OneDrive\Research\1P_Camouflage Octopus\ros2\install\Lib\site-packages\octo_ctrl\camera_rgb_detect.py
C:\Users\lhc15\OneDrive\Research\1P_Camouflage Octopus\ros2\install\Lib\site-packages\octo_ctrl\color_gen_lib.py
C:\Users\lhc15\OneDrive\Research\1P_Camouflage Octopus\ros2\install\Lib\site-packages\octo_ctrl\control_main.py
C:\Users\lhc15\OneDrive\Research\1P_Camouflage Octopus\ros2\install\Lib\site-packages\octo_ctrl\control_main_test.py
C:\Users\lhc15\OneDrive\Research\1P_Camouflage Octopus\ros2\install\Lib\site-packages\octo_ctrl\motor_ctrl.py
C:\Users\lhc15\OneDrive\Research\1P_Camouflage Octopus\ros2\install\Lib\site-packages\octo_ctrl\motor_ctrl_test.py
C:\Users\lhc15\OneDrive\Research\1P_Camouflage Octopus\ros2\install\Lib\site-packages\octo_ctrl\pump_lib.py
C:\Users\lhc15\OneDrive\Research\1P_Camouflage Octopus\ros2\install\Lib\site-packages\octo_ctrl\__init__.py
C:\Users\lhc15\OneDrive\Research\1P_Camouflage Octopus\ros2\install\Lib\site-packages\octo_ctrl\__pycache__\camera.cpython-38.pyc
C:\Users\lhc15\OneDrive\Research\1P_Camouflage Octopus\ros2\install\Lib\site-packages\octo_ctrl\__pycache__\camera_motion_detect.cpython-38.pyc
C:\Users\lhc15\OneDrive\Research\1P_Camouflage Octopus\ros2\install\Lib\site-packages\octo_ctrl\__pycache__\camera_red_detect.cpython-38.pyc
C:\Users\lhc15\OneDrive\Research\1P_Camouflage Octopus\ros2\install\Lib\site-packages\octo_ctrl\__pycache__\camera_rgb_detect.cpython-38.pyc
C:\Users\lhc15\OneDrive\Research\1P_Camouflage Octopus\ros2\install\Lib\site-packages\octo_ctrl\__pycache__\color_gen_lib.cpython-38.pyc
C:\Users\lhc15\OneDrive\Research\1P_Camouflage Octopus\ros2\install\Lib\site-packages\octo_ctrl\__pycache__\control_main.cpython-38.pyc
C:\Users\lhc15\OneDrive\Research\1P_Camouflage Octopus\ros2\install\Lib\site-packages\octo_ctrl\__pycache__\control_main_test.cpython-38.pyc
C:\Users\lhc15\OneDrive\Research\1P_Camouflage Octopus\ros2\install\Lib\site-packages\octo_ctrl\__pycache__\motor_ctrl.cpython-38.pyc
C:\Users\lhc15\OneDrive\Research\1P_Camouflage Octopus\ros2\install\Lib\site-packages\octo_ctrl\__pycache__\motor_ctrl_test.cpython-38.pyc
C:\Users\lhc15\OneDrive\Research\1P_Camouflage Octopus\ros2\install\Lib\site-packages\octo_ctrl\__pycache__\pump_lib.cpython-38.pyc
C:\Users\lhc15\OneDrive\Research\1P_Camouflage Octopus\ros2\install\Lib\site-packages\octo_ctrl\__pycache__\__init__.cpython-38.pyc
C:\Users\lhc15\OneDrive\Research\1P_Camouflage Octopus\ros2\install\share\ament_index\resource_index\packages\octo_ctrl
C:\Users\lhc15\OneDrive\Research\1P_Camouflage Octopus\ros2\install\share\octo_ctrl\package.xml
C:\Users\lhc15\OneDrive\Research\1P_Camouflage Octopus\ros2\install\Lib\site-packages\octo_ctrl-0.0.0-py3.8.egg-info\dependency_links.txt
C:\Users\lhc15\OneDrive\Research\1P_Camouflage Octopus\ros2\install\Lib\site-packages\octo_ctrl-0.0.0-py3.8.egg-info\entry_points.txt
C:\Users\lhc15\OneDrive\Research\1P_Camouflage Octopus\ros2\install\Lib\site-packages\octo_ctrl-0.0.0-py3.8.egg-info\PKG-INFO
C:\Users\lhc15\OneDrive\Research\1P_Camouflage Octopus\ros2\install\Lib\site-packages\octo_ctrl-0.0.0-py3.8.egg-info\requires.txt
C:\Users\lhc15\OneDrive\Research\1P_Camouflage Octopus\ros2\install\Lib\site-packages\octo_ctrl-0.0.0-py3.8.egg-info\SOURCES.txt
C:\Users\lhc15\OneDrive\Research\1P_Camouflage Octopus\ros2\install\Lib\site-packages\octo_ctrl-0.0.0-py3.8.egg-info\top_level.txt
C:\Users\lhc15\OneDrive\Research\1P_Camouflage Octopus\ros2\install\Lib\site-packages\octo_ctrl-0.0.0-py3.8.egg-info\zip-safe
C:\Users\lhc15\OneDrive\Research\1P_Camouflage Octopus\ros2\install\lib\octo_ctrl\camera-script.py
C:\Users\lhc15\OneDrive\Research\1P_Camouflage Octopus\ros2\install\lib\octo_ctrl\camera.exe
C:\Users\lhc15\OneDrive\Research\1P_Camouflage Octopus\ros2\install\lib\octo_ctrl\motion_detect-script.py
C:\Users\lhc15\OneDrive\Research\1P_Camouflage Octopus\ros2\install\lib\octo_ctrl\motion_detect.exe
C:\Users\lhc15\OneDrive\Research\1P_Camouflage Octopus\ros2\install\lib\octo_ctrl\motor_ctrl-script.py
C:\Users\lhc15\OneDrive\Research\1P_Camouflage Octopus\ros2\install\lib\octo_ctrl\motor_ctrl.exe
C:\Users\lhc15\OneDrive\Research\1P_Camouflage Octopus\ros2\install\lib\octo_ctrl\octoctrl-script.py
C:\Users\lhc15\OneDrive\Research\1P_Camouflage Octopus\ros2\install\lib\octo_ctrl\octoctrl.exe
