[3.531s] Invoking command in 'C:\Users\lhc15\OneDrive\Research\1P_Camouflage Octopus\ros2\src\octo_ctrl': PUBLIC=%PUBLIC%
PyCharm Community Edition=C:\Program Files\JetBrains\PyCharm Community Edition 2022.3.3\bin; PYTHONPATH=C:\Users\lhc15\OneDrive\Research\1P_Camouflage Octopus\ros2\build\octo_ctrl\prefix_override;c:\python38\lib\site-packages\colcon_core\task\python\colcon_distutils_commands;C:\Users\lhc15\OneDrive\Research\1P_Camouflage Octopus\ros2\install\Lib\site-packages;%PYTHONPATH% c:\python38\python.exe -W ignore:setup.py install is deprecated setup.py egg_info --egg-base ..\..\build\octo_ctrl build --build-base C:\Users\lhc15\OneDrive\Research\1P_Camouflage Octopus\ros2\build\octo_ctrl\build install --record C:\Users\lhc15\OneDrive\Research\1P_Camouflage Octopus\ros2\build\octo_ctrl\install.log --single-version-externally-managed install_data
[4.968s] running egg_info
[4.968s] writing ..\..\build\octo_ctrl\octo_ctrl.egg-info\PKG-INFO
[4.968s] writing dependency_links to ..\..\build\octo_ctrl\octo_ctrl.egg-info\dependency_links.txt
[4.968s] writing entry points to ..\..\build\octo_ctrl\octo_ctrl.egg-info\entry_points.txt
[4.984s] writing requirements to ..\..\build\octo_ctrl\octo_ctrl.egg-info\requires.txt
[4.984s] writing top-level names to ..\..\build\octo_ctrl\octo_ctrl.egg-info\top_level.txt
[5.000s] reading manifest file '..\..\build\octo_ctrl\octo_ctrl.egg-info\SOURCES.txt'
[5.000s] adding license file 'LICENSE'
[5.000s] writing manifest file '..\..\build\octo_ctrl\octo_ctrl.egg-info\SOURCES.txt'
[5.000s] running build
[5.000s] running build_py
[5.000s] copying octo_ctrl\control_main_test.py -> C:\Users\lhc15\OneDrive\Research\1P_Camouflage Octopus\ros2\build\octo_ctrl\build\lib\octo_ctrl
[5.031s] running install
[5.031s] running install_lib
[5.046s] copying C:\Users\lhc15\OneDrive\Research\1P_Camouflage Octopus\ros2\build\octo_ctrl\build\lib\octo_ctrl\control_main_test.py -> C:\Users\lhc15\OneDrive\Research\1P_Camouflage Octopus\ros2\install\Lib\site-packages\octo_ctrl
[5.062s] byte-compiling C:\Users\lhc15\OneDrive\Research\1P_Camouflage Octopus\ros2\install\Lib\site-packages\octo_ctrl\control_main_test.py to control_main_test.cpython-38.pyc
[5.093s] running install_data
[5.093s] running install_egg_info
[5.093s] removing 'C:\Users\lhc15\OneDrive\Research\1P_Camouflage Octopus\ros2\install\Lib\site-packages\octo_ctrl-0.0.0-py3.8.egg-info' (and everything under it)
[5.093s] Copying ..\..\build\octo_ctrl\octo_ctrl.egg-info to C:\Users\lhc15\OneDrive\Research\1P_Camouflage Octopus\ros2\install\Lib\site-packages\octo_ctrl-0.0.0-py3.8.egg-info
[5.125s] running install_scripts
[5.187s] Installing camera-script.py script to C:\Users\lhc15\OneDrive\Research\1P_Camouflage Octopus\ros2\install\lib\octo_ctrl
[5.187s] Installing camera.exe script to C:\Users\lhc15\OneDrive\Research\1P_Camouflage Octopus\ros2\install\lib\octo_ctrl
[5.187s] Installing motion_detect-script.py script to C:\Users\lhc15\OneDrive\Research\1P_Camouflage Octopus\ros2\install\lib\octo_ctrl
[5.187s] Installing motion_detect.exe script to C:\Users\lhc15\OneDrive\Research\1P_Camouflage Octopus\ros2\install\lib\octo_ctrl
[5.187s] Installing motor_ctrl-script.py script to C:\Users\lhc15\OneDrive\Research\1P_Camouflage Octopus\ros2\install\lib\octo_ctrl
[5.187s] Installing motor_ctrl.exe script to C:\Users\lhc15\OneDrive\Research\1P_Camouflage Octopus\ros2\install\lib\octo_ctrl
[5.187s] error: [Errno 13] Permission denied: 'C:\\Users\\lhc15\\OneDrive\\Research\\1P_Camouflage Octopus\\ros2\\install\\lib\\octo_ctrl\\motor_ctrl.exe'
[5.218s] Invoked command in 'C:\Users\lhc15\OneDrive\Research\1P_Camouflage Octopus\ros2\src\octo_ctrl' returned '1': PUBLIC=%PUBLIC%
PyCharm Community Edition=C:\Program Files\JetBrains\PyCharm Community Edition 2022.3.3\bin; PYTHONPATH=C:\Users\lhc15\OneDrive\Research\1P_Camouflage Octopus\ros2\build\octo_ctrl\prefix_override;c:\python38\lib\site-packages\colcon_core\task\python\colcon_distutils_commands;C:\Users\lhc15\OneDrive\Research\1P_Camouflage Octopus\ros2\install\Lib\site-packages;%PYTHONPATH% c:\python38\python.exe -W ignore:setup.py install is deprecated setup.py egg_info --egg-base ..\..\build\octo_ctrl build --build-base C:\Users\lhc15\OneDrive\Research\1P_Camouflage Octopus\ros2\build\octo_ctrl\build install --record C:\Users\lhc15\OneDrive\Research\1P_Camouflage Octopus\ros2\build\octo_ctrl\install.log --single-version-externally-managed install_data
