[5.813s] Invoking command in 'C:\Users\lhc15\OneDrive\Research\1P_Camouflage Octopus\ros2\src\octo_ctrl': PUBLIC=%PUBLIC%
PyCharm Community Edition=C:\Program Files\JetBrains\PyCharm Community Edition 2022.3.3\bin; PYTHONPATH=C:\Users\lhc15\OneDrive\Research\1P_Camouflage Octopus\ros2\build\octo_ctrl\prefix_override;c:\python38\lib\site-packages\colcon_core\task\python\colcon_distutils_commands;C:\Users\lhc15\OneDrive\Research\1P_Camouflage Octopus\ros2\install\Lib\site-packages;%PYTHONPATH% c:\python38\python.exe -W ignore:setup.py install is deprecated setup.py egg_info --egg-base ..\..\build\octo_ctrl build --build-base C:\Users\lhc15\OneDrive\Research\1P_Camouflage Octopus\ros2\build\octo_ctrl\build install --record C:\Users\lhc15\OneDrive\Research\1P_Camouflage Octopus\ros2\build\octo_ctrl\install.log --single-version-externally-managed install_data
[7.953s] running egg_info
[7.953s] writing ..\..\build\octo_ctrl\octo_ctrl.egg-info\PKG-INFO
[7.953s] writing dependency_links to ..\..\build\octo_ctrl\octo_ctrl.egg-info\dependency_links.txt
[7.953s] writing entry points to ..\..\build\octo_ctrl\octo_ctrl.egg-info\entry_points.txt
[7.969s] writing requirements to ..\..\build\octo_ctrl\octo_ctrl.egg-info\requires.txt
[7.969s] writing top-level names to ..\..\build\octo_ctrl\octo_ctrl.egg-info\top_level.txt
[7.985s] reading manifest file '..\..\build\octo_ctrl\octo_ctrl.egg-info\SOURCES.txt'
[8.016s] adding license file 'LICENSE'
[8.016s] writing manifest file '..\..\build\octo_ctrl\octo_ctrl.egg-info\SOURCES.txt'
[8.031s] running build
[8.031s] running build_py
[8.047s] copying octo_ctrl\control_main.py -> C:\Users\lhc15\OneDrive\Research\1P_Camouflage Octopus\ros2\build\octo_ctrl\build\lib\octo_ctrl
[8.047s] copying octo_ctrl\motor_ctrl.py -> C:\Users\lhc15\OneDrive\Research\1P_Camouflage Octopus\ros2\build\octo_ctrl\build\lib\octo_ctrl
[8.063s] running install
[8.063s] running install_lib
[8.094s] copying C:\Users\lhc15\OneDrive\Research\1P_Camouflage Octopus\ros2\build\octo_ctrl\build\lib\octo_ctrl\control_main.py -> C:\Users\lhc15\OneDrive\Research\1P_Camouflage Octopus\ros2\install\Lib\site-packages\octo_ctrl
[8.125s] copying C:\Users\lhc15\OneDrive\Research\1P_Camouflage Octopus\ros2\build\octo_ctrl\build\lib\octo_ctrl\motor_ctrl.py -> C:\Users\lhc15\OneDrive\Research\1P_Camouflage Octopus\ros2\install\Lib\site-packages\octo_ctrl
[8.141s] byte-compiling C:\Users\lhc15\OneDrive\Research\1P_Camouflage Octopus\ros2\install\Lib\site-packages\octo_ctrl\control_main.py to control_main.cpython-38.pyc
[8.188s] byte-compiling C:\Users\lhc15\OneDrive\Research\1P_Camouflage Octopus\ros2\install\Lib\site-packages\octo_ctrl\motor_ctrl.py to motor_ctrl.cpython-38.pyc
[8.203s] running install_data
[8.203s] running install_egg_info
[8.219s] removing 'C:\Users\lhc15\OneDrive\Research\1P_Camouflage Octopus\ros2\install\Lib\site-packages\octo_ctrl-0.0.0-py3.8.egg-info' (and everything under it)
[8.250s] Copying ..\..\build\octo_ctrl\octo_ctrl.egg-info to C:\Users\lhc15\OneDrive\Research\1P_Camouflage Octopus\ros2\install\Lib\site-packages\octo_ctrl-0.0.0-py3.8.egg-info
[8.328s] running install_scripts
[8.422s] Installing camera-script.py script to C:\Users\lhc15\OneDrive\Research\1P_Camouflage Octopus\ros2\install\lib\octo_ctrl
[8.500s] Installing camera.exe script to C:\Users\lhc15\OneDrive\Research\1P_Camouflage Octopus\ros2\install\lib\octo_ctrl
[8.563s] Installing motion_detect-script.py script to C:\Users\lhc15\OneDrive\Research\1P_Camouflage Octopus\ros2\install\lib\octo_ctrl
[8.594s] Installing motion_detect.exe script to C:\Users\lhc15\OneDrive\Research\1P_Camouflage Octopus\ros2\install\lib\octo_ctrl
[8.610s] Installing motor_ctrl-script.py script to C:\Users\lhc15\OneDrive\Research\1P_Camouflage Octopus\ros2\install\lib\octo_ctrl
[8.610s] Installing motor_ctrl.exe script to C:\Users\lhc15\OneDrive\Research\1P_Camouflage Octopus\ros2\install\lib\octo_ctrl
[8.610s] Installing octoctrl-script.py script to C:\Users\lhc15\OneDrive\Research\1P_Camouflage Octopus\ros2\install\lib\octo_ctrl
[8.625s] Installing octoctrl.exe script to C:\Users\lhc15\OneDrive\Research\1P_Camouflage Octopus\ros2\install\lib\octo_ctrl
[8.625s] writing list of installed files to 'C:\Users\lhc15\OneDrive\Research\1P_Camouflage Octopus\ros2\build\octo_ctrl\install.log'
[8.688s] Invoked command in 'C:\Users\lhc15\OneDrive\Research\1P_Camouflage Octopus\ros2\src\octo_ctrl' returned '0': PUBLIC=%PUBLIC%
PyCharm Community Edition=C:\Program Files\JetBrains\PyCharm Community Edition 2022.3.3\bin; PYTHONPATH=C:\Users\lhc15\OneDrive\Research\1P_Camouflage Octopus\ros2\build\octo_ctrl\prefix_override;c:\python38\lib\site-packages\colcon_core\task\python\colcon_distutils_commands;C:\Users\lhc15\OneDrive\Research\1P_Camouflage Octopus\ros2\install\Lib\site-packages;%PYTHONPATH% c:\python38\python.exe -W ignore:setup.py install is deprecated setup.py egg_info --egg-base ..\..\build\octo_ctrl build --build-base C:\Users\lhc15\OneDrive\Research\1P_Camouflage Octopus\ros2\build\octo_ctrl\build install --record C:\Users\lhc15\OneDrive\Research\1P_Camouflage Octopus\ros2\build\octo_ctrl\install.log --single-version-externally-managed install_data
