[0.935s] [34mcolcon[0m [1;30mDEBUG[0m [32mCommand line arguments: ['C:\\Python38\\Scripts\\colcon', 'build', '--merge-install'][0m
[0.935s] [34mcolcon[0m [1;30mDEBUG[0m [32mParsed command line arguments: Namespace(ament_cmake_args=None, base_paths=['.'], build_base='build', catkin_cmake_args=None, catkin_skip_building_tests=False, cmake_args=None, cmake_clean_cache=False, cmake_clean_first=False, cmake_force_configure=False, cmake_target=None, cmake_target_skip_unavailable=False, continue_on_error=False, event_handlers=None, executor='parallel', ignore_user_meta=False, install_base='install', log_base=None, log_level=None, main=<bound method BuildVerb.main of <colcon_core.verb.build.BuildVerb object at 0x0000027443DF3B50>>, merge_install=True, metas=['./colcon.meta'], packages_above=None, packages_above_and_dependencies=None, packages_above_depth=None, packages_end=None, packages_ignore=None, packages_ignore_regex=None, packages_select=None, packages_select_build_failed=False, packages_select_by_dep=None, packages_select_regex=None, packages_select_test_failures=False, packages_skip=None, packages_skip_build_finished=False, packages_skip_by_dep=None, packages_skip_regex=None, packages_skip_test_passed=False, packages_skip_up_to=None, packages_start=None, packages_up_to=None, packages_up_to_regex=None, parallel_workers=20, paths=None, symlink_install=False, test_result_base=None, verb_extension=<colcon_core.verb.build.BuildVerb object at 0x0000027443DF3B50>, verb_name='build', verb_parser=<colcon_defaults.argument_parser.defaults.DefaultArgumentsDecorator object at 0x0000027443F33E50>)[0m
[1.574s] [34mcolcon.colcon_core.package_discovery[0m [1;30mLevel 1[0m discover_packages(colcon_meta) check parameters
[1.574s] [34mcolcon.colcon_core.package_discovery[0m [1;30mLevel 1[0m discover_packages(recursive) check parameters
[1.574s] [34mcolcon.colcon_core.package_discovery[0m [1;30mLevel 1[0m discover_packages(ignore) check parameters
[1.574s] [34mcolcon.colcon_core.package_discovery[0m [1;30mLevel 1[0m discover_packages(path) check parameters
[1.574s] [34mcolcon.colcon_core.package_discovery[0m [1;30mLevel 1[0m discover_packages(colcon_meta) discover
[1.574s] [34mcolcon.colcon_core.package_discovery[0m [1;30mLevel 1[0m discover_packages(recursive) discover
[1.574s] [34mcolcon.colcon_core.package_discovery[0m [1;30mINFO[0m Crawling recursively for packages in 'C:\Users\lhc15\OneDrive\Research\1P_Camouflage Octopus\ros2'
[1.574s] [34mcolcon.colcon_core.package_identification[0m [1;30mLevel 1[0m _identify(.) by extensions ['ignore', 'ignore_ament_install']
[1.574s] [34mcolcon.colcon_core.package_identification[0m [1;30mLevel 1[0m _identify(.) by extension 'ignore'
[1.574s] [34mcolcon.colcon_core.package_identification[0m [1;30mLevel 1[0m _identify(.) by extension 'ignore_ament_install'
[1.574s] [34mcolcon.colcon_core.package_identification[0m [1;30mLevel 1[0m _identify(.) by extensions ['colcon_pkg']
[1.574s] [34mcolcon.colcon_core.package_identification[0m [1;30mLevel 1[0m _identify(.) by extension 'colcon_pkg'
[1.574s] [34mcolcon.colcon_core.package_identification[0m [1;30mLevel 1[0m _identify(.) by extensions ['colcon_meta']
[1.574s] [34mcolcon.colcon_core.package_identification[0m [1;30mLevel 1[0m _identify(.) by extension 'colcon_meta'
[1.574s] [34mcolcon.colcon_core.package_identification[0m [1;30mLevel 1[0m _identify(.) by extensions ['ros']
[1.574s] [34mcolcon.colcon_core.package_identification[0m [1;30mLevel 1[0m _identify(.) by extension 'ros'
[1.604s] [34mcolcon.colcon_core.package_identification[0m [1;30mLevel 1[0m _identify(.) by extensions ['cmake', 'python']
[1.604s] [34mcolcon.colcon_core.package_identification[0m [1;30mLevel 1[0m _identify(.) by extension 'cmake'
[1.604s] [34mcolcon.colcon_core.package_identification[0m [1;30mLevel 1[0m _identify(.) by extension 'python'
[1.604s] [34mcolcon.colcon_core.package_identification[0m [1;30mLevel 1[0m _identify(.) by extensions ['python_setup_py']
[1.604s] [34mcolcon.colcon_core.package_identification[0m [1;30mLevel 1[0m _identify(.) by extension 'python_setup_py'
[1.605s] [34mcolcon.colcon_core.package_identification[0m [1;30mLevel 1[0m _identify(build) by extensions ['ignore', 'ignore_ament_install']
[1.605s] [34mcolcon.colcon_core.package_identification[0m [1;30mLevel 1[0m _identify(build) by extension 'ignore'
[1.605s] [34mcolcon.colcon_core.package_identification[0m [1;30mLevel 1[0m _identify(build) ignored
[1.605s] [34mcolcon.colcon_core.package_identification[0m [1;30mLevel 1[0m _identify(install) by extensions ['ignore', 'ignore_ament_install']
[1.605s] [34mcolcon.colcon_core.package_identification[0m [1;30mLevel 1[0m _identify(install) by extension 'ignore'
[1.605s] [34mcolcon.colcon_core.package_identification[0m [1;30mLevel 1[0m _identify(install) ignored
[1.605s] [34mcolcon.colcon_core.package_identification[0m [1;30mLevel 1[0m _identify(log) by extensions ['ignore', 'ignore_ament_install']
[1.605s] [34mcolcon.colcon_core.package_identification[0m [1;30mLevel 1[0m _identify(log) by extension 'ignore'
[1.607s] [34mcolcon.colcon_core.package_identification[0m [1;30mLevel 1[0m _identify(log) ignored
[1.607s] [34mcolcon.colcon_core.package_identification[0m [1;30mLevel 1[0m _identify(octopus) by extensions ['ignore', 'ignore_ament_install']
[1.607s] [34mcolcon.colcon_core.package_identification[0m [1;30mLevel 1[0m _identify(octopus) by extension 'ignore'
[1.607s] [34mcolcon.colcon_core.package_identification[0m [1;30mLevel 1[0m _identify(octopus) by extension 'ignore_ament_install'
[1.607s] [34mcolcon.colcon_core.package_identification[0m [1;30mLevel 1[0m _identify(octopus) by extensions ['colcon_pkg']
[1.607s] [34mcolcon.colcon_core.package_identification[0m [1;30mLevel 1[0m _identify(octopus) by extension 'colcon_pkg'
[1.607s] [34mcolcon.colcon_core.package_identification[0m [1;30mLevel 1[0m _identify(octopus) by extensions ['colcon_meta']
[1.607s] [34mcolcon.colcon_core.package_identification[0m [1;30mLevel 1[0m _identify(octopus) by extension 'colcon_meta'
[1.607s] [34mcolcon.colcon_core.package_identification[0m [1;30mLevel 1[0m _identify(octopus) by extensions ['ros']
[1.607s] [34mcolcon.colcon_core.package_identification[0m [1;30mLevel 1[0m _identify(octopus) by extension 'ros'
[1.607s] [34mcolcon.colcon_core.package_identification[0m [1;30mLevel 1[0m _identify(octopus) by extensions ['cmake', 'python']
[1.607s] [34mcolcon.colcon_core.package_identification[0m [1;30mLevel 1[0m _identify(octopus) by extension 'cmake'
[1.607s] [34mcolcon.colcon_core.package_identification[0m [1;30mLevel 1[0m _identify(octopus) by extension 'python'
[1.607s] [34mcolcon.colcon_core.package_identification[0m [1;30mLevel 1[0m _identify(octopus) by extensions ['python_setup_py']
[1.607s] [34mcolcon.colcon_core.package_identification[0m [1;30mLevel 1[0m _identify(octopus) by extension 'python_setup_py'
[1.609s] [34mcolcon.colcon_core.package_identification[0m [1;30mLevel 1[0m _identify(octopus\build) by extensions ['ignore', 'ignore_ament_install']
[1.609s] [34mcolcon.colcon_core.package_identification[0m [1;30mLevel 1[0m _identify(octopus\build) by extension 'ignore'
[1.609s] [34mcolcon.colcon_core.package_identification[0m [1;30mLevel 1[0m _identify(octopus\build) ignored
[1.609s] [34mcolcon.colcon_core.package_identification[0m [1;30mLevel 1[0m _identify(octopus\install) by extensions ['ignore', 'ignore_ament_install']
[1.609s] [34mcolcon.colcon_core.package_identification[0m [1;30mLevel 1[0m _identify(octopus\install) by extension 'ignore'
[1.609s] [34mcolcon.colcon_core.package_identification[0m [1;30mLevel 1[0m _identify(octopus\install) ignored
[1.609s] [34mcolcon.colcon_core.package_identification[0m [1;30mLevel 1[0m _identify(octopus\log) by extensions ['ignore', 'ignore_ament_install']
[1.609s] [34mcolcon.colcon_core.package_identification[0m [1;30mLevel 1[0m _identify(octopus\log) by extension 'ignore'
[1.609s] [34mcolcon.colcon_core.package_identification[0m [1;30mLevel 1[0m _identify(octopus\log) ignored
[1.609s] [34mcolcon.colcon_core.package_identification[0m [1;30mLevel 1[0m _identify(src) by extensions ['ignore', 'ignore_ament_install']
[1.611s] [34mcolcon.colcon_core.package_identification[0m [1;30mLevel 1[0m _identify(src) by extension 'ignore'
[1.611s] [34mcolcon.colcon_core.package_identification[0m [1;30mLevel 1[0m _identify(src) by extension 'ignore_ament_install'
[1.611s] [34mcolcon.colcon_core.package_identification[0m [1;30mLevel 1[0m _identify(src) by extensions ['colcon_pkg']
[1.611s] [34mcolcon.colcon_core.package_identification[0m [1;30mLevel 1[0m _identify(src) by extension 'colcon_pkg'
[1.611s] [34mcolcon.colcon_core.package_identification[0m [1;30mLevel 1[0m _identify(src) by extensions ['colcon_meta']
[1.611s] [34mcolcon.colcon_core.package_identification[0m [1;30mLevel 1[0m _identify(src) by extension 'colcon_meta'
[1.611s] [34mcolcon.colcon_core.package_identification[0m [1;30mLevel 1[0m _identify(src) by extensions ['ros']
[1.611s] [34mcolcon.colcon_core.package_identification[0m [1;30mLevel 1[0m _identify(src) by extension 'ros'
[1.611s] [34mcolcon.colcon_core.package_identification[0m [1;30mLevel 1[0m _identify(src) by extensions ['cmake', 'python']
[1.611s] [34mcolcon.colcon_core.package_identification[0m [1;30mLevel 1[0m _identify(src) by extension 'cmake'
[1.613s] [34mcolcon.colcon_core.package_identification[0m [1;30mLevel 1[0m _identify(src) by extension 'python'
[1.613s] [34mcolcon.colcon_core.package_identification[0m [1;30mLevel 1[0m _identify(src) by extensions ['python_setup_py']
[1.613s] [34mcolcon.colcon_core.package_identification[0m [1;30mLevel 1[0m _identify(src) by extension 'python_setup_py'
[1.613s] [34mcolcon.colcon_core.package_identification[0m [1;30mLevel 1[0m _identify(src\octo_ctrl) by extensions ['ignore', 'ignore_ament_install']
[1.613s] [34mcolcon.colcon_core.package_identification[0m [1;30mLevel 1[0m _identify(src\octo_ctrl) by extension 'ignore'
[1.613s] [34mcolcon.colcon_core.package_identification[0m [1;30mLevel 1[0m _identify(src\octo_ctrl) by extension 'ignore_ament_install'
[1.613s] [34mcolcon.colcon_core.package_identification[0m [1;30mLevel 1[0m _identify(src\octo_ctrl) by extensions ['colcon_pkg']
[1.613s] [34mcolcon.colcon_core.package_identification[0m [1;30mLevel 1[0m _identify(src\octo_ctrl) by extension 'colcon_pkg'
[1.613s] [34mcolcon.colcon_core.package_identification[0m [1;30mLevel 1[0m _identify(src\octo_ctrl) by extensions ['colcon_meta']
[1.613s] [34mcolcon.colcon_core.package_identification[0m [1;30mLevel 1[0m _identify(src\octo_ctrl) by extension 'colcon_meta'
[1.615s] [34mcolcon.colcon_core.package_identification[0m [1;30mLevel 1[0m _identify(src\octo_ctrl) by extensions ['ros']
[1.615s] [34mcolcon.colcon_core.package_identification[0m [1;30mLevel 1[0m _identify(src\octo_ctrl) by extension 'ros'
[1.615s] [34mcolcon.colcon_core.package_identification[0m [1;30mDEBUG[0m [32mPackage 'src\octo_ctrl' with type 'ros.ament_python' and name 'octo_ctrl'[0m
[1.615s] [34mcolcon.colcon_core.package_discovery[0m [1;30mLevel 1[0m discover_packages(recursive) using defaults
[1.615s] [34mcolcon.colcon_core.package_discovery[0m [1;30mLevel 1[0m discover_packages(ignore) discover
[1.615s] [34mcolcon.colcon_core.package_discovery[0m [1;30mLevel 1[0m discover_packages(ignore) using defaults
[1.615s] [34mcolcon.colcon_core.package_discovery[0m [1;30mLevel 1[0m discover_packages(path) discover
[1.615s] [34mcolcon.colcon_core.package_discovery[0m [1;30mLevel 1[0m discover_packages(path) using defaults
[1.655s] [34mcolcon.colcon_core.verb[0m [1;30mLevel 5[0m set package 'octo_ctrl' build argument 'cmake_args' from command line to 'None'
[1.655s] [34mcolcon.colcon_core.verb[0m [1;30mLevel 5[0m set package 'octo_ctrl' build argument 'cmake_target' from command line to 'None'
[1.655s] [34mcolcon.colcon_core.verb[0m [1;30mLevel 5[0m set package 'octo_ctrl' build argument 'cmake_target_skip_unavailable' from command line to 'False'
[1.655s] [34mcolcon.colcon_core.verb[0m [1;30mLevel 5[0m set package 'octo_ctrl' build argument 'cmake_clean_cache' from command line to 'False'
[1.655s] [34mcolcon.colcon_core.verb[0m [1;30mLevel 5[0m set package 'octo_ctrl' build argument 'cmake_clean_first' from command line to 'False'
[1.655s] [34mcolcon.colcon_core.verb[0m [1;30mLevel 5[0m set package 'octo_ctrl' build argument 'cmake_force_configure' from command line to 'False'
[1.655s] [34mcolcon.colcon_core.verb[0m [1;30mLevel 5[0m set package 'octo_ctrl' build argument 'ament_cmake_args' from command line to 'None'
[1.655s] [34mcolcon.colcon_core.verb[0m [1;30mLevel 5[0m set package 'octo_ctrl' build argument 'catkin_cmake_args' from command line to 'None'
[1.655s] [34mcolcon.colcon_core.verb[0m [1;30mLevel 5[0m set package 'octo_ctrl' build argument 'catkin_skip_building_tests' from command line to 'False'
[1.655s] [34mcolcon.colcon_core.verb[0m [1;30mDEBUG[0m [32mBuilding package 'octo_ctrl' with the following arguments: {'ament_cmake_args': None, 'build_base': 'C:\\Users\\lhc15\\OneDrive\\Research\\1P_Camouflage Octopus\\ros2\\build\\octo_ctrl', 'catkin_cmake_args': None, 'catkin_skip_building_tests': False, 'cmake_args': None, 'cmake_clean_cache': False, 'cmake_clean_first': False, 'cmake_force_configure': False, 'cmake_target': None, 'cmake_target_skip_unavailable': False, 'install_base': 'C:\\Users\\lhc15\\OneDrive\\Research\\1P_Camouflage Octopus\\ros2\\install', 'merge_install': True, 'path': 'C:\\Users\\lhc15\\OneDrive\\Research\\1P_Camouflage Octopus\\ros2\\src\\octo_ctrl', 'symlink_install': False, 'test_result_base': None}[0m
[1.665s] [34mcolcon.colcon_core.executor[0m [1;30mINFO[0m Executing jobs using 'parallel' executor
[1.665s] [34mcolcon.colcon_parallel_executor.executor.parallel[0m [1;30mDEBUG[0m [32mrun_until_complete[0m
[1.668s] [34mcolcon.colcon_ros.task.ament_python.build[0m [1;30mINFO[0m Building ROS package in 'C:\Users\lhc15\OneDrive\Research\1P_Camouflage Octopus\ros2\src\octo_ctrl' with build type 'ament_python'
[1.668s] [34mcolcon.colcon_core.shell[0m [1;30mLevel 1[0m create_environment_hook('octo_ctrl', 'ament_prefix_path')
[1.672s] [34mcolcon.colcon_core.plugin_system[0m [1;30mINFO[0m Skipping extension 'colcon_core.shell.sh': Not used on Windows systems
[1.672s] [34mcolcon.colcon_core.shell[0m [1;30mINFO[0m Creating environment hook 'C:\Users\lhc15\OneDrive\Research\1P_Camouflage Octopus\ros2\install\share\octo_ctrl\hook\ament_prefix_path.ps1'
[1.675s] [34mcolcon.colcon_core.shell[0m [1;30mINFO[0m Creating environment hook 'C:\Users\lhc15\OneDrive\Research\1P_Camouflage Octopus\ros2\install\share\octo_ctrl\hook\ament_prefix_path.bat'
[1.675s] [34mcolcon.colcon_core.shell[0m [1;30mINFO[0m Creating environment descriptor 'C:\Users\lhc15\OneDrive\Research\1P_Camouflage Octopus\ros2\install\share\octo_ctrl\hook\ament_prefix_path.dsv'
[1.675s] [34mcolcon.colcon_core.shell[0m [1;30mINFO[0m Skip shell extension 'powershell' for command environment: Not usable outside of PowerShell
[3.202s] [34mcolcon.colcon_core.task.python.build[0m [1;30mINFO[0m Building Python package in 'C:\Users\lhc15\OneDrive\Research\1P_Camouflage Octopus\ros2\src\octo_ctrl'
[3.202s] [34mcolcon.colcon_core.shell[0m [1;30mINFO[0m Skip shell extension 'powershell' for command environment: Not usable outside of PowerShell
[4.797s] [34mcolcon.colcon_core.event_handler.log_command[0m [1;30mDEBUG[0m [32mInvoking command in 'C:\Users\lhc15\OneDrive\Research\1P_Camouflage Octopus\ros2\src\octo_ctrl': PUBLIC=%PUBLIC%
PyCharm Community Edition=C:\Program Files\JetBrains\PyCharm Community Edition 2022.3.3\bin; PYTHONPATH=C:\Users\lhc15\OneDrive\Research\1P_Camouflage Octopus\ros2\build\octo_ctrl\prefix_override;c:\python38\lib\site-packages\colcon_core\task\python\colcon_distutils_commands;C:\Users\lhc15\OneDrive\Research\1P_Camouflage Octopus\ros2\install\Lib\site-packages;%PYTHONPATH% c:\python38\python.exe -W ignore:setup.py install is deprecated setup.py egg_info --egg-base ..\..\build\octo_ctrl build --build-base C:\Users\lhc15\OneDrive\Research\1P_Camouflage Octopus\ros2\build\octo_ctrl\build install --record C:\Users\lhc15\OneDrive\Research\1P_Camouflage Octopus\ros2\build\octo_ctrl\install.log --single-version-externally-managed install_data[0m
[5.856s] [34mcolcon.colcon_core.event_handler.log_command[0m [1;30mDEBUG[0m [32mInvoked command in 'C:\Users\lhc15\OneDrive\Research\1P_Camouflage Octopus\ros2\src\octo_ctrl' returned '1': PUBLIC=%PUBLIC%
PyCharm Community Edition=C:\Program Files\JetBrains\PyCharm Community Edition 2022.3.3\bin; PYTHONPATH=C:\Users\lhc15\OneDrive\Research\1P_Camouflage Octopus\ros2\build\octo_ctrl\prefix_override;c:\python38\lib\site-packages\colcon_core\task\python\colcon_distutils_commands;C:\Users\lhc15\OneDrive\Research\1P_Camouflage Octopus\ros2\install\Lib\site-packages;%PYTHONPATH% c:\python38\python.exe -W ignore:setup.py install is deprecated setup.py egg_info --egg-base ..\..\build\octo_ctrl build --build-base C:\Users\lhc15\OneDrive\Research\1P_Camouflage Octopus\ros2\build\octo_ctrl\build install --record C:\Users\lhc15\OneDrive\Research\1P_Camouflage Octopus\ros2\build\octo_ctrl\install.log --single-version-externally-managed install_data[0m
[5.866s] [34mcolcon.colcon_parallel_executor.executor.parallel[0m [1;30mDEBUG[0m [32mclosing loop[0m
[5.866s] [34mcolcon.colcon_parallel_executor.executor.parallel[0m [1;30mDEBUG[0m [32mloop closed[0m
[5.866s] [34mcolcon.colcon_parallel_executor.executor.parallel[0m [1;30mDEBUG[0m [32mrun_until_complete finished with '1'[0m
[5.866s] [34mcolcon.colcon_core.event_reactor[0m [1;30mDEBUG[0m [32mjoining thread[0m
[5.866s] [34mcolcon.colcon_core.plugin_system[0m [1;30mINFO[0m Skipping extension 'colcon_notification.desktop_notification.notify2': 'notify2' not found
[5.866s] [34mcolcon.colcon_core.plugin_system[0m [1;30mINFO[0m Skipping extension 'colcon_notification.desktop_notification.notify_send': Not used on non-Linux systems
[5.866s] [34mcolcon.colcon_core.plugin_system[0m [1;30mINFO[0m Skipping extension 'colcon_notification.desktop_notification.terminal_notifier': Not used on non-Darwin systems
[5.866s] [34mcolcon.colcon_notification.desktop_notification[0m [1;30mINFO[0m Sending desktop notification using 'win32'
[10.946s] [34mcolcon.colcon_core.event_reactor[0m [1;30mDEBUG[0m [32mjoined thread[0m
[10.946s] [34mcolcon.colcon_core.shell[0m [1;30mINFO[0m Creating prefix script 'C:\Users\lhc15\OneDrive\Research\1P_Camouflage Octopus\ros2\install\local_setup.ps1'
[10.946s] [34mcolcon.colcon_core.shell[0m [1;30mINFO[0m Creating prefix util module 'C:\Users\lhc15\OneDrive\Research\1P_Camouflage Octopus\ros2\install\_local_setup_util_ps1.py'
[10.946s] [34mcolcon.colcon_core.shell[0m [1;30mINFO[0m Creating prefix chain script 'C:\Users\lhc15\OneDrive\Research\1P_Camouflage Octopus\ros2\install\setup.ps1'
[10.956s] [34mcolcon.colcon_core.shell[0m [1;30mINFO[0m Creating prefix script 'C:\Users\lhc15\OneDrive\Research\1P_Camouflage Octopus\ros2\install\local_setup.bat'
[10.956s] [34mcolcon.colcon_core.shell[0m [1;30mINFO[0m Creating prefix util module 'C:\Users\lhc15\OneDrive\Research\1P_Camouflage Octopus\ros2\install\_local_setup_util_bat.py'
[10.966s] [34mcolcon.colcon_core.shell[0m [1;30mINFO[0m Creating prefix chain script 'C:\Users\lhc15\OneDrive\Research\1P_Camouflage Octopus\ros2\install\setup.bat'
